[22:37:02.044] [INFO] storybook v10.1.11
[22:37:03.279] [DEBUG] Getting package.json info for E:/Files/Learnings/portfolio/package.json...
[22:37:05.778] [INFO] Starting...
[22:37:05.841] [WARN] No story files found for the specified pattern: [34mapp\components\**\*.stories.@(ts|tsx)[39m
[22:37:06.153] [DEBUG] Starting preview..
[22:37:06.248] [INFO] Addon-docs: using MDX3
[22:37:06.357] [INFO] Using implicit CSS loaders
[22:37:06.796] [INFO] Using SWC as compiler
[22:37:06.830] [INFO] Using default Webpack5 setup
[22:37:07.891] [DEBUG] Using tsconfig paths for react-docgen
[22:37:14.377] [ERROR] Failed to build the preview
[22:37:14.380] [WARN] Force closed preview build
[22:37:14.383] [ERROR] [38;2;241;97;97mSB_BUILDER-WEBPACK5_0003 (WebpackCompilationError): There were problems when compiling your code with Webpack.
Run Storybook with --debug-webpack for more information.[39m
    at starter (file:///E:/Files/Learnings/portfolio/node_modules/.pnpm/@storybook+builder-webpack5_2ae3d68cdc6feb7b278460b4495ae701/node_modules/@storybook/builder-webpack5/dist/index.js:799:11)
    at starter.next (<anonymous>)
    at Module.start (file:///E:/Files/Learnings/portfolio/node_modules/.pnpm/@storybook+builder-webpack5_2ae3d68cdc6feb7b278460b4495ae701/node_modules/@storybook/builder-webpack5/dist/index.js:857:34)
    at process.processTicksAndRejections (node:internal/process/task_queues:95:5)
    at async storybookDevServer (file:///E:/Files/Learnings/portfolio/node_modules/.pnpm/storybook@10.1.11_@testing-_542812fe79983dab9975b048bc99184d/node_modules/storybook/dist/core-server/index.js:6806:82)
    at async buildOrThrow (file:///E:/Files/Learnings/portfolio/node_modules/.pnpm/storybook@10.1.11_@testing-_542812fe79983dab9975b048bc99184d/node_modules/storybook/dist/core-server/index.js:5555:12)
    at async buildDevStandalone (file:///E:/Files/Learnings/portfolio/node_modules/.pnpm/storybook@10.1.11_@testing-_542812fe79983dab9975b048bc99184d/node_modules/storybook/dist/core-server/index.js:7208:66)
    at async withTelemetry (file:///E:/Files/Learnings/portfolio/node_modules/.pnpm/storybook@10.1.11_@testing-_542812fe79983dab9975b048bc99184d/node_modules/storybook/dist/_node-chunks/chunk-2372JZ52.js:209:12)
    at async dev (file:///E:/Files/Learnings/portfolio/node_modules/.pnpm/storybook@10.1.11_@testing-_542812fe79983dab9975b048bc99184d/node_modules/storybook/dist/bin/core.js:2734:3)
    at async _Command.<anonymous> (file:///E:/Files/Learnings/portfolio/node_modules/.pnpm/storybook@10.1.11_@testing-_542812fe79983dab9975b048bc99184d/node_modules/storybook/dist/bin/core.js:2801:92)
[22:37:14.388] [WARN] Broken build, fix the error above.
You may need to refresh the browser.